# JRE version: OpenJDK Runtime Environment (8.0_131-b11) (build 1.8.0_131-8u131-b11-2ubuntu1.16.04.3-b11)
# Java VM: OpenJDK 64-Bit Server VM (25.131-b11 mixed mode linux-amd64 compressed oops)
Heap:
 garbage-first heap   total 355328K, used 291642K [0x00000000c0000000, 0x00000000c0100ad8, 0x0000000100000000)
  region size 1024K, 133 young (136192K), 6 survivors (6144K)
 Metaspace       used 123382K, capacity 135526K, committed 135808K, reserved 1167360K
  class space    used 14054K, capacity 17242K, committed 17280K, reserved 1048576K
GC Heap History (10 events):
Event: 2237.411 GC heap before
{Heap before GC invocations=120 (full 1):
 garbage-first heap   total 355328K, used 309955K [0x00000000c0000000, 0x00000000c0100ad8, 0x0000000100000000)
  region size 1024K, 150 young (153600K), 8 survivors (8192K)
 Metaspace       used 123040K, capacity 135194K, committed 135296K, reserved 1167360K
  class space    used 14048K, capacity 17240K, committed 17280K, reserved 1048576K
Event: 2237.431 GC heap after
Heap after GC invocations=121 (full 1):
 garbage-first heap   total 355328K, used 162618K [0x00000000c0000000, 0x00000000c0100ad8, 0x0000000100000000)
  region size 1024K, 6 young (6144K), 6 survivors (6144K)
 Metaspace       used 123040K, capacity 135194K, committed 135296K, reserved 1167360K
  class space    used 14048K, capacity 17240K, committed 17280K, reserved 1048576K
}
Event: 4737.335 GC heap before
{Heap before GC invocations=121 (full 1):
 garbage-first heap   total 355328K, used 312122K [0x00000000c0000000, 0x00000000c0100ad8, 0x0000000100000000)
  region size 1024K, 152 young (155648K), 6 survivors (6144K)
 Metaspace       used 123231K, capacity 135322K, committed 135552K, reserved 1167360K
  class space    used 14049K, capacity 17240K, committed 17280K, reserved 1048576K
Event: 4737.346 GC heap after
Heap after GC invocations=122 (full 1):
 garbage-first heap   total 355328K, used 165178K [0x00000000c0000000, 0x00000000c0100ad8, 0x0000000100000000)
  region size 1024K, 9 young (9216K), 9 survivors (9216K)
 Metaspace       used 123231K, capacity 135322K, committed 135552K, reserved 1167360K
  class space    used 14049K, capacity 17240K, committed 17280K, reserved 1048576K
}
Event: 4746.168 GC heap before
{Heap before GC invocations=122 (full 1):
 garbage-first heap   total 355328K, used 308538K [0x00000000c0000000, 0x00000000c0100ad8, 0x0000000100000000)
  region size 1024K, 149 young (152576K), 9 survivors (9216K)
 Metaspace       used 123261K, capacity 135322K, committed 135552K, reserved 1167360K
  class space    used 14049K, capacity 17240K, committed 17280K, reserved 1048576K
Event: 4746.178 GC heap after
Heap after GC invocations=123 (full 1):
 garbage-first heap   total 355328K, used 163130K [0x00000000c0000000, 0x00000000c0100ad8, 0x0000000100000000)
  region size 1024K, 7 young (7168K), 7 survivors (7168K)
 Metaspace       used 123261K, capacity 135322K, committed 135552K, reserved 1167360K
  class space    used 14049K, capacity 17240K, committed 17280K, reserved 1048576K
}
Event: 4761.724 GC heap before
{Heap before GC invocations=123 (full 1):
 garbage-first heap   total 355328K, used 310586K [0x00000000c0000000, 0x00000000c0100ad8, 0x0000000100000000)
  region size 1024K, 151 young (154624K), 7 survivors (7168K)
 Metaspace       used 123270K, capacity 135322K, committed 135552K, reserved 1167360K
  class space    used 14049K, capacity 17240K, committed 17280K, reserved 1048576K
Event: 4761.735 GC heap after
Heap after GC invocations=124 (full 1):
 garbage-first heap   total 355328K, used 163130K [0x00000000c0000000, 0x00000000c0100ad8, 0x0000000100000000)
  region size 1024K, 7 young (7168K), 7 survivors (7168K)
 Metaspace       used 123270K, capacity 135322K, committed 135552K, reserved 1167360K
  class space    used 14049K, capacity 17240K, committed 17280K, reserved 1048576K
}
Event: 5441.555 GC heap before
{Heap before GC invocations=124 (full 1):
 garbage-first heap   total 355328K, used 310586K [0x00000000c0000000, 0x00000000c0100ad8, 0x0000000100000000)
  region size 1024K, 151 young (154624K), 7 survivors (7168K)
 Metaspace       used 123304K, capacity 135398K, committed 135552K, reserved 1167360K
  class space    used 14051K, capacity 17242K, committed 17280K, reserved 1048576K
Event: 5441.567 GC heap after
Heap after GC invocations=125 (full 1):
 garbage-first heap   total 355328K, used 162618K [0x00000000c0000000, 0x00000000c0100ad8, 0x0000000100000000)
  region size 1024K, 6 young (6144K), 6 survivors (6144K)
 Metaspace       used 123304K, capacity 135398K, committed 135552K, reserved 1167360K
  class space    used 14051K, capacity 17242K, committed 17280K, reserved 1048576K
}

